#
# There is insufficient memory for the Java Runtime Environment to continue.
# Native memory allocation (mmap) failed to map 53477376 bytes for committing reserved memory.
# Possible reasons:
#   The system is out of physical RAM or swap space
#   In 32 bit mode, the process size limit was hit
# Possible solutions:
#   Reduce memory load on the system
#   Increase physical memory or swap space
#   Check if swap backing store is full
#   Use 64 bit Java on a 64 bit OS
#   Decrease Java heap size (-Xmx/-Xms)
#   Decrease number of Java threads
#   Decrease Java thread stack sizes (-Xss)
#   Set larger code cache with -XX:ReservedCodeCacheSize=
# This output file may be truncated or incomplete.
#
#  Out of Memory Error (os_linux.cpp:2640), pid=11843, tid=0x6448ab40
#
# JRE version: Java(TM) SE Runtime Environment (8.0_144-b01) (build 1.8.0_144-b01)
# Java VM: Java HotSpot(TM) Server VM (25.144-b01 mixed mode linux-x86 )
# Failed to write core dump. Core dumps have been disabled. To enable core dumping, try "ulimit -c unlimited" before starting Java again
#

---------------  T H R E A D  ---------------

Current thread (0x64381800):  VMThread [stack: 0x6440a000,0x6448b000] [id=11853]

Stack: [0x6440a000,0x6448b000],  sp=0x644896b0,  free space=509k
Native frames: (J=compiled Java code, j=interpreted, Vv=VM code, C=native code)
V  [libjvm.so+0x8db3bf]  VMError::report_and_die()+0x16f
V  [libjvm.so+0x3927d5]  report_vm_out_of_memory(char const*, int, unsigned int, VMErrorType, char const*)+0x55
V  [libjvm.so+0x75be96]  os::Linux::commit_memory_impl(char*, unsigned int, bool)+0xe6
V  [libjvm.so+0x75c2b8]  os::pd_commit_memory(char*, unsigned int, unsigned int, bool)+0x28
V  [libjvm.so+0x7561cc]  os::commit_memory(char*, unsigned int, unsigned int, bool)+0x2c
V  [libjvm.so+0x7c1aa8]  PSVirtualSpace::expand_by(unsigned int)+0x48
V  [libjvm.so+0x7c2baa]  PSYoungGen::resize_generation(unsigned int, unsigned int)+0xda
V  [libjvm.so+0x7c1ed9]  PSYoungGen::resize(unsigned int, unsigned int)+0x19
V  [libjvm.so+0x7bf805]  PSScavenge::invoke_no_policy()+0xd15
V  [libjvm.so+0x7bffc8]  PSScavenge::invoke()+0x28
V  [libjvm.so+0x77dc3a]  ParallelScavengeHeap::failed_mem_allocate(unsigned int)+0x5a
V  [libjvm.so+0x8dce8a]  VM_ParallelGCFailedAllocation::doit()+0x7a
V  [libjvm.so+0x8e6547]  VM_Operation::evaluate()+0x47
V  [libjvm.so+0x8e4623]  VMThread::evaluate_operation(VM_Operation*)+0xb3
V  [libjvm.so+0x8e49c0]  VMThread::loop()+0x1b0
V  [libjvm.so+0x8e4e25]  VMThread::run()+0x85
V  [libjvm.so+0x75e759]  java_start(Thread*)+0x119
C  [libpthread.so.0+0x6295]  start_thread+0xe5

VM_Operation (0xb6ef8ab4): ParallelGCFailedAllocation, mode: safepoint, requested by thread 0xb6d08c00


---------------  P R O C E S S  ---------------

Java Threads: ( => current thread )
  0x643ac000 JavaThread "Service Thread" daemon [_thread_blocked, id=11860, stack(0x63a79000,0x63aca000)]
  0x643a8c00 JavaThread "C1 CompilerThread2" daemon [_thread_blocked, id=11859, stack(0x63aca000,0x63b4b000)]
  0x643a7400 JavaThread "C2 CompilerThread1" daemon [_thread_blocked, id=11858, stack(0x63b4b000,0x63bcc000)]
  0x643a5800 JavaThread "C2 CompilerThread0" daemon [_thread_blocked, id=11857, stack(0x63bcc000,0x63c4d000)]
  0x643a4000 JavaThread "Signal Dispatcher" daemon [_thread_blocked, id=11856, stack(0x6420d000,0x6425e000)]
  0x64388c00 JavaThread "Finalizer" daemon [_thread_blocked, id=11855, stack(0x6425e000,0x642af000)]
  0x64386000 JavaThread "Reference Handler" daemon [_thread_blocked, id=11854, stack(0x642af000,0x64300000)]
  0xb6d08c00 JavaThread "main" [_thread_blocked, id=11848, stack(0xb6ea9000,0xb6efa000)]

Other Threads:
=>0x64381800 VMThread [stack: 0x6440a000,0x6448b000] [id=11853]
  0x643b7000 WatcherThread [stack: 0x639f8000,0x63a79000] [id=11861]

VM state:at safepoint (normal execution)

VM Mutex/Monitor currently owned by a thread:  ([mutex/lock_event])
[0xb6d060e8] Threads_lock - owner thread: 0x64381800
[0xb6d064f8] Heap_lock - owner thread: 0xb6d08c00

Heap:
 PSYoungGen      total 73984K, used 13420K [0x922c0000, 0x97b00000, 0xa7800000)
  eden space 57600K, 0% used [0x922c0000,0x922c0000,0x95b00000)
  from space 16384K, 81% used [0x95b00000,0x9681b238,0x96b00000)
  to   space 13568K, 0% used [0x96dc0000,0x96dc0000,0x97b00000)
 ParOldGen       total 38400K, used 14664K [0x67800000, 0x69d80000, 0x922c0000)
  object space 38400K, 38% used [0x67800000,0x686522f8,0x69d80000)
 Metaspace       used 3200K, capacity 3206K, committed 3224K, reserved 4400K

Card table byte_map: [0x675ff000,0x67800000] byte_map_base: 0x672c3000

Marking Bits: (ParMarkBitMap*) 0xb79619c0
 Begin Bits: [0x64f00000, 0x65f00000)
 End Bits:   [0x65f00000, 0x66f00000)

Polling page: 0xb7f7c000

CodeCache: size=245760Kb used=2393Kb max_used=2397Kb free=243366Kb
 bounds [0xa7d00000, 0xa7f60000, 0xb6d00000]
 total_blobs=1100 nmethods=926 adapters=89
 compilation: enabled

Compilation events (10 events):
Event: 1.641 Thread 0x643a8c00  958       2       com.android.dx.io.instructions.InstructionCodec$17::encode (29 bytes)
Event: 1.642 Thread 0x643a8c00 nmethod 958 0xa7f4b8c8 code [0xa7f4ba20, 0xa7f4bbfc]
Event: 1.708 Thread 0x643a8c00  961       2       java.util.regex.Pattern$Branch::match (66 bytes)
Event: 1.710 Thread 0x643a8c00 nmethod 961 0xa7f54d08 code [0xa7f54e40, 0xa7f55058]
Event: 1.710 Thread 0x643a8c00  962       2       java.lang.String::toString (2 bytes)
Event: 1.710 Thread 0x643a8c00 nmethod 962 0xa7f53c88 code [0xa7f53d80, 0xa7f53e40]
Event: 1.710 Thread 0x643a8c00  963       2       java.nio.CharBuffer::arrayOffset (35 bytes)
Event: 1.711 Thread 0x643a8c00 nmethod 963 0xa7f548c8 code [0xa7f54a00, 0xa7f54bd8]
Event: 1.712 Thread 0x643a8c00  964       2       com.android.dex.TableOfContents::getSection (68 bytes)
Event: 1.713 Thread 0x643a8c00 nmethod 964 0xa7f5abc8 code [0xa7f5ad40, 0xa7f5b0b0]

GC Heap History (10 events):
Event: 1.129 GC heap after
Heap after GC invocations=3 (full 0):
 PSYoungGen      total 17920K, used 2551K [0x922c0000, 0x945c0000, 0xa7800000)
  eden space 15360K, 0% used [0x922c0000,0x922c0000,0x931c0000)
  from space 2560K, 99% used [0x931c0000,0x9343de80,0x93440000)
  to   space 2560K, 0% used [0x94340000,0x94340000,0x945c0000)
 ParOldGen       total 40960K, used 17787K [0x67800000, 0x6a000000, 0x922c0000)
  object space 40960K, 43% used [0x67800000,0x6895ef18,0x6a000000)
 Metaspace       used 3159K, capacity 3206K, committed 3224K, reserved 4400K
}
Event: 1.201 GC heap before
{Heap before GC invocations=4 (full 0):
 PSYoungGen      total 17920K, used 17911K [0x922c0000, 0x945c0000, 0xa7800000)
  eden space 15360K, 100% used [0x922c0000,0x931c0000,0x931c0000)
  from space 2560K, 99% used [0x931c0000,0x9343de80,0x93440000)
  to   space 2560K, 0% used [0x94340000,0x94340000,0x945c0000)
 ParOldGen       total 40960K, used 17787K [0x67800000, 0x6a000000, 0x922c0000)
  object space 40960K, 43% used [0x67800000,0x6895ef18,0x6a000000)
 Metaspace       used 3169K, capacity 3206K, committed 3224K, reserved 4400K
Event: 1.209 GC heap after
Heap after GC invocations=4 (full 0):
 PSYoungGen      total 33280K, used 2552K [0x922c0000, 0x945c0000, 0xa7800000)
  eden space 30720K, 0% used [0x922c0000,0x922c0000,0x940c0000)
  from space 2560K, 99% used [0x94340000,0x945be170,0x945c0000)
  to   space 2560K, 0% used [0x940c0000,0x940c0000,0x94340000)
 ParOldGen       total 40960K, used 25865K [0x67800000, 0x6a000000, 0x922c0000)
  object space 40960K, 63% used [0x67800000,0x69142620,0x6a000000)
 Metaspace       used 3169K, capacity 3206K, committed 3224K, reserved 4400K
}
Event: 1.350 GC heap before
{Heap before GC invocations=5 (full 0):
 PSYoungGen      total 33280K, used 33272K [0x922c0000, 0x945c0000, 0xa7800000)
  eden space 30720K, 100% used [0x922c0000,0x940c0000,0x940c0000)
  from space 2560K, 99% used [0x94340000,0x945be170,0x945c0000)
  to   space 2560K, 0% used [0x940c0000,0x940c0000,0x94340000)
 ParOldGen       total 40960K, used 25865K [0x67800000, 0x6a000000, 0x922c0000)
  object space 40960K, 63% used [0x67800000,0x69142620,0x6a000000)
 Metaspace       used 3181K, capacity 3206K, committed 3224K, reserved 4400K
Event: 1.359 GC heap after
Heap after GC invocations=5 (full 0):
 PSYoungGen      total 33280K, used 2544K [0x922c0000, 0x97cc0000, 0xa7800000)
  eden space 30720K, 0% used [0x922c0000,0x922c0000,0x940c0000)
  from space 2560K, 99% used [0x940c0000,0x9433c180,0x94340000)
  to   space 15360K, 0% used [0x96dc0000,0x96dc0000,0x97cc0000)
 ParOldGen       total 40960K, used 34373K [0x67800000, 0x6a000000, 0x922c0000)
  object space 40960K, 83% used [0x67800000,0x69991560,0x6a000000)
 Metaspace       used 3181K, capacity 3206K, committed 3224K, reserved 4400K
}
Event: 1.359 GC heap before
{Heap before GC invocations=6 (full 1):
 PSYoungGen      total 33280K, used 2544K [0x922c0000, 0x97cc0000, 0xa7800000)
  eden space 30720K, 0% used [0x922c0000,0x922c0000,0x940c0000)
  from space 2560K, 99% used [0x940c0000,0x9433c180,0x94340000)
  to   space 15360K, 0% used [0x96dc0000,0x96dc0000,0x97cc0000)
 ParOldGen       total 40960K, used 34373K [0x67800000, 0x6a000000, 0x922c0000)
  object space 40960K, 83% used [0x67800000,0x69991560,0x6a000000)
 Metaspace       used 3181K, capacity 3206K, committed 3224K, reserved 4400K
Event: 1.369 GC heap after
Heap after GC invocations=6 (full 1):
 PSYoungGen      total 33280K, used 0K [0x922c0000, 0x97cc0000, 0xa7800000)
  eden space 30720K, 0% used [0x922c0000,0x922c0000,0x940c0000)
  from space 2560K, 0% used [0x940c0000,0x940c0000,0x94340000)
  to   space 15360K, 0% used [0x96dc0000,0x96dc0000,0x97cc0000)
 ParOldGen       total 38400K, used 8260K [0x67800000, 0x69d80000, 0x922c0000)
  object space 38400K, 21% used [0x67800000,0x680110b0,0x69d80000)
 Metaspace       used 3181K, capacity 3206K, committed 3224K, reserved 4400K
}
Event: 1.492 GC heap before
{Heap before GC invocations=7 (full 1):
 PSYoungGen      total 33280K, used 30720K [0x922c0000, 0x97cc0000, 0xa7800000)
  eden space 30720K, 100% used [0x922c0000,0x940c0000,0x940c0000)
  from space 2560K, 0% used [0x940c0000,0x940c0000,0x94340000)
  to   space 15360K, 0% used [0x96dc0000,0x96dc0000,0x97cc0000)
 ParOldGen       total 38400K, used 8260K [0x67800000, 0x69d80000, 0x922c0000)
  object space 38400K, 21% used [0x67800000,0x680110b0,0x69d80000)
 Metaspace       used 3191K, capacity 3206K, committed 3224K, reserved 4400K
Event: 1.500 GC heap after
Heap after GC invocations=7 (full 1):
 PSYoungGen      total 71168K, used 12925K [0x922c0000, 0x97b00000, 0xa7800000)
  eden space 57600K, 0% used [0x922c0000,0x922c0000,0x95b00000)
  from space 13568K, 95% used [0x96dc0000,0x97a5f650,0x97b00000)
  to   space 16384K, 0% used [0x95b00000,0x95b00000,0x96b00000)
 ParOldGen       total 38400K, used 11694K [0x67800000, 0x69d80000, 0x922c0000)
  object space 38400K, 30% used [0x67800000,0x6836bb20,0x69d80000)
 Metaspace       used 3191K, capacity 3206K, committed 3224K, reserved 4400K
}
Event: 1.721 GC heap before
{Heap before GC invocations=8 (full 1):
 PSYoungGen      total 71168K, used 70525K [0x922c0000, 0x97b00000, 0xa7800000)
  eden space 57600K, 100% used [0x922c0000,0x95b00000,0x95b00000)
  from space 13568K, 95% used [0x96dc0000,0x97a5f650,0x97b00000)
  to   space 16384K, 0% used [0x95b00000,0x95b00000,0x96b00000)
 ParOldGen       total 38400K, used 11694K [0x67800000, 0x69d80000, 0x922c0000)
  object space 38400K, 30% used [0x67800000,0x6836bb20,0x69d80000)
 Metaspace       used 3200K, capacity 3206K, committed 3224K, reserved 4400K

Deoptimization events (10 events):
Event: 0.747 Thread 0xb6d08c00 Uncommon trap: reason=class_check action=maybe_recompile pc=0xa7e15a78 method=com.android.dx.merge.DexMerger$IdMerger$UnsortedValue.compareTo(Lcom/android/dx/merge/DexMerger$IdMerger$UnsortedValue;)I @ 8
Event: 0.826 Thread 0xb6d08c00 Uncommon trap: reason=unstable_if action=reinterpret pc=0xa7e25b9c method=com.android.dx.merge.IndexMap.adjustString(I)I @ 2
Event: 0.826 Thread 0xb6d08c00 Uncommon trap: reason=unstable_if action=reinterpret pc=0xa7e61ae0 method=java.util.HashMap.getNode(ILjava/lang/Object;)Ljava/util/HashMap$Node; @ 84
Event: 0.907 Thread 0xb6d08c00 Uncommon trap: reason=unstable_if action=reinterpret pc=0xa7e33148 method=java.lang.String.indexOf(II)I @ 49
Event: 1.029 Thread 0xb6d08c00 Uncommon trap: reason=predicate action=maybe_recompile pc=0xa7e35f94 method=com.android.dex.Leb128.readUnsignedLeb128(Lcom/android/dex/util/ByteInput;)I @ 41
Event: 1.442 Thread 0xb6d08c00 Uncommon trap: reason=unstable_if action=reinterpret pc=0xa7ef51e4 method=com.android.dex.Mutf8.decode(Lcom/android/dex/util/ByteInput;[C)Ljava/lang/String; @ 37
Event: 1.442 Thread 0xb6d08c00 Uncommon trap: reason=unstable_if action=reinterpret pc=0xa7f0a490 method=com.android.dex.Mutf8.countBytes(Ljava/lang/String;Z)J @ 35
Event: 1.442 Thread 0xb6d08c00 Uncommon trap: reason=unstable_if action=reinterpret pc=0xa7dfe3e8 method=com.android.dex.Mutf8.encode([BILjava/lang/String;)V @ 31
Event: 1.579 Thread 0xb6d08c00 Uncommon trap: reason=unstable_if action=reinterpret pc=0xa7e00bbc method=com.android.dex.Mutf8.decode(Lcom/android/dex/util/ByteInput;[C)Ljava/lang/String; @ 37
Event: 1.579 Thread 0xb6d08c00 Uncommon trap: reason=unstable_if action=reinterpret pc=0xa7dfde14 method=com.android.dex.Mutf8.countBytes(Ljava/lang/String;Z)J @ 35

Internal exceptions (2 events):
Event: 0.045 Thread 0xb6d08c00 Exception <a 'java/lang/NoSuchMethodError': Method sun.misc.Unsafe.defineClass(Ljava/lang/String;[BII)Ljava/lang/Class; name or signature does not match> (0x922c6e90) thrown at [/HUDSON3/workspace/8-2-build-linux-i586/jdk8u144/9417/hotspot/src/share/vm/pr
Event: 0.045 Thread 0xb6d08c00 Exception <a 'java/lang/NoSuchMethodError': Method sun.misc.Unsafe.prefetchRead(Ljava/lang/Object;J)V name or signature does not match> (0x922c7160) thrown at [/HUDSON3/workspace/8-2-build-linux-i586/jdk8u144/9417/hotspot/src/share/vm/prims/jni.cpp, line 

Events (10 events):
Event: 1.586 Thread 0xb6d08c00 DEOPT UNPACKING pc=0xa7d3c590 sp=0xb6ef8a54 mode 0
Event: 1.586 Thread 0xb6d08c00 DEOPT PACKING pc=0xa7f46e91 sp=0xb6ef8ba0
Event: 1.586 Thread 0xb6d08c00 DEOPT UNPACKING pc=0xa7d3c590 sp=0xb6ef8a54 mode 0
Event: 1.587 Thread 0xb6d08c00 DEOPT PACKING pc=0xa7f46e91 sp=0xb6ef8ba0
Event: 1.587 Thread 0xb6d08c00 DEOPT UNPACKING pc=0xa7d3c590 sp=0xb6ef8a54 mode 0
Event: 1.587 Thread 0xb6d08c00 DEOPT PACKING pc=0xa7f46e91 sp=0xb6ef8ba0
Event: 1.587 Thread 0xb6d08c00 DEOPT UNPACKING pc=0xa7d3c590 sp=0xb6ef8a54 mode 0
Event: 1.588 Thread 0xb6d08c00 DEOPT PACKING pc=0xa7f46e91 sp=0xb6ef8ba0
Event: 1.588 Thread 0xb6d08c00 DEOPT UNPACKING pc=0xa7d3c590 sp=0xb6ef8a54 mode 0
Event: 1.721 Executing VM operation: ParallelGCFailedAllocation


Dynamic libraries:
08048000-08049000 r-xp 00000000 08:0a 289933     /home/w568w/下载/android-studio/jre/bin/java
08049000-0804a000 rw-p 00000000 08:0a 289933     /home/w568w/下载/android-studio/jre/bin/java
096b9000-0974e000 rw-p 00000000 00:00 0          [heap]
62a00000-62ab7000 rw-p 00000000 00:00 0 
62ab7000-62b00000 ---p 00000000 00:00 0 
62c00000-62cfe000 rw-p 00000000 00:00 0 
62cfe000-62d00000 ---p 00000000 00:00 0 
62e00000-62f00000 rw-p 00000000 00:00 0 
63000000-631f1000 rw-p 00000000 00:00 0 
631f1000-63200000 ---p 00000000 00:00 0 
63200000-632fc000 rw-p 00000000 00:00 0 
632fc000-63300000 ---p 00000000 00:00 0 
63300000-6335c000 rw-p 00000000 00:00 0 
6335c000-63400000 ---p 00000000 00:00 0 
63400000-634f8000 rw-p 00000000 00:00 0 
634f8000-63500000 ---p 00000000 00:00 0 
63500000-635ff000 rw-p 00000000 00:00 0 
635ff000-63600000 ---p 00000000 00:00 0 
63600000-636fc000 rw-p 00000000 00:00 0 
636fc000-63700000 ---p 00000000 00:00 0 
63700000-637ff000 rw-p 00000000 00:00 0 
637ff000-63800000 ---p 00000000 00:00 0 
63800000-63842000 rw-p 00000000 00:00 0 
63842000-63900000 ---p 00000000 00:00 0 
639f8000-639f9000 ---p 00000000 00:00 0 
639f9000-63a79000 rw-p 00000000 00:00 0 
63a79000-63a7c000 ---p 00000000 00:00 0 
63a7c000-63aca000 rw-p 00000000 00:00 0 
63aca000-63acd000 ---p 00000000 00:00 0 
63acd000-63b4b000 rw-p 00000000 00:00 0 
63b4b000-63b4e000 ---p 00000000 00:00 0 
63b4e000-63bcc000 rw-p 00000000 00:00 0 
63bcc000-63bcf000 ---p 00000000 00:00 0 
63bcf000-63c4d000 rw-p 00000000 00:00 0 
63c4d000-63e00000 r--p 0048c000 08:08 4350       /usr/lib/locale/locale-archive
63e00000-64000000 r--p 00000000 08:08 4350       /usr/lib/locale/locale-archive
64000000-64021000 rw-p 00000000 00:00 0 
64021000-64100000 ---p 00000000 00:00 0 
64100000-641fb000 rw-p 00000000 00:00 0 
641fb000-64200000 ---p 00000000 00:00 0 
6420d000-64210000 ---p 00000000 00:00 0 
64210000-6425e000 rw-p 00000000 00:00 0 
6425e000-64261000 ---p 00000000 00:00 0 
64261000-642af000 rw-p 00000000 00:00 0 
642af000-642b2000 ---p 00000000 00:00 0 
642b2000-64300000 rw-p 00000000 00:00 0 
64300000-64400000 rw-p 00000000 00:00 0 
6440a000-6440b000 ---p 00000000 00:00 0 
6440b000-644da000 rw-p 00000000 00:00 0 
644da000-646b4000 r--s 03d4d000 08:0a 292651     /home/w568w/下载/android-studio/jre/jre/lib/rt.jar
646b4000-649da000 rw-p 00000000 00:00 0 
649da000-64b00000 ---p 00000000 00:00 0 
64b00000-66f00000 rw-p 00000000 00:00 0 
66f00000-66ff4000 rw-p 00000000 00:00 0 
66ff4000-67000000 ---p 00000000 00:00 0 
67024000-6707f000 rw-p 00000000 00:00 0 
6707f000-67080000 ---p 00000000 00:00 0 
67080000-67100000 rw-p 00000000 00:00 0 
67100000-67121000 rw-p 00000000 00:00 0 
67121000-67200000 ---p 00000000 00:00 0 
67200000-672f9000 rw-p 00000000 00:00 0 
672f9000-67300000 ---p 00000000 00:00 0 
67300000-67321000 rw-p 00000000 00:00 0 
67321000-67400000 ---p 00000000 00:00 0 
67428000-67429000 ---p 00000000 00:00 0 
67429000-674bc000 rw-p 00000000 00:00 0 
674bc000-675ff000 ---p 00000000 00:00 0 
675ff000-67612000 rw-p 00000000 00:00 0 
67612000-67754000 ---p 00000000 00:00 0 
67754000-67781000 rw-p 00000000 00:00 0 
67781000-677ff000 ---p 00000000 00:00 0 
677ff000-69d80000 rw-p 00000000 00:00 0 
69d80000-922c0000 ---p 00000000 00:00 0 
922c0000-97b00000 rw-p 00000000 00:00 0 
9abac000-9ae00000 rw-p 00000000 00:00 0 
9ae00000-a7800000 ---p 00000000 00:00 0 
a7807000-a780e000 r--s 00000000 08:08 7730       /usr/lib/i386-linux-gnu/gconv/gconv-modules.cache
a780e000-a782f000 r--p 00000000 08:08 321530     /usr/share/locale-langpack/zh_CN/LC_MESSAGES/libc.mo
a782f000-a783e000 r--s 000df000 08:06 132570     /media/w568w/文档/sdk/build-tools/25.0.3/lib/dx.jar
a783e000-a783f000 ---p 00000000 00:00 0 
a783f000-a78bf000 rw-p 00000000 00:00 0 
a78bf000-a78c0000 ---p 00000000 00:00 0 
a78c0000-a794a000 rw-p 00000000 00:00 0 
a794a000-a7d00000 ---p 00000000 00:00 0 
a7d00000-a7f60000 rwxp 00000000 00:00 0 
a7f60000-b6d00000 ---p 00000000 00:00 0 
b6d00000-b6dfc000 rw-p 00000000 00:00 0 
b6dfc000-b6e00000 ---p 00000000 00:00 0 
b6e04000-b6e1c000 rw-p 00000000 00:00 0 
b6e1c000-b6e27000 r-xp 00000000 08:08 413833     /lib/i386-linux-gnu/libnss_files-2.23.so
b6e27000-b6e28000 r--p 0000a000 08:08 413833     /lib/i386-linux-gnu/libnss_files-2.23.so
b6e28000-b6e29000 rw-p 0000b000 08:08 413833     /lib/i386-linux-gnu/libnss_files-2.23.so
b6e29000-b6e2f000 rw-p 00000000 00:00 0 
b6e2f000-b6e3a000 r-xp 00000000 08:08 413839     /lib/i386-linux-gnu/libnss_nis-2.23.so
b6e3a000-b6e3b000 r--p 0000a000 08:08 413839     /lib/i386-linux-gnu/libnss_nis-2.23.so
b6e3b000-b6e3c000 rw-p 0000b000 08:08 413839     /lib/i386-linux-gnu/libnss_nis-2.23.so
b6e3c000-b6e53000 r-xp 00000000 08:08 392430     /lib/i386-linux-gnu/libnsl-2.23.so
b6e53000-b6e54000 r--p 00016000 08:08 392430     /lib/i386-linux-gnu/libnsl-2.23.so
b6e54000-b6e55000 rw-p 00017000 08:08 392430     /lib/i386-linux-gnu/libnsl-2.23.so
b6e55000-b6e57000 rw-p 00000000 00:00 0 
b6e5c000-b6e61000 r--s 0009a000 08:0a 292640     /home/w568w/下载/android-studio/jre/jre/lib/jsse.jar
b6e61000-b6e7a000 r-xp 00000000 08:0a 292836     /home/w568w/下载/android-studio/jre/jre/lib/i386/libzip.so
b6e7a000-b6e7b000 rw-p 00019000 08:0a 292836     /home/w568w/下载/android-studio/jre/jre/lib/i386/libzip.so
b6e7b000-b6e9f000 r-xp 00000000 08:0a 260436     /home/w568w/下载/android-studio/jre/jre/lib/i386/libjava.so
b6e9f000-b6ea0000 rw-p 00024000 08:0a 260436     /home/w568w/下载/android-studio/jre/jre/lib/i386/libjava.so
b6ea0000-b6ea7000 r-xp 00000000 08:08 413841     /lib/i386-linux-gnu/librt-2.23.so
b6ea7000-b6ea8000 r--p 00006000 08:08 413841     /lib/i386-linux-gnu/librt-2.23.so
b6ea8000-b6ea9000 rw-p 00007000 08:08 413841     /lib/i386-linux-gnu/librt-2.23.so
b6ea9000-b6eac000 ---p 00000000 00:00 0 
b6eac000-b6efa000 rw-p 00000000 00:00 0 
b6efa000-b6f4d000 r-xp 00000000 08:08 392428     /lib/i386-linux-gnu/libm-2.23.so
b6f4d000-b6f4e000 r--p 00052000 08:08 392428     /lib/i386-linux-gnu/libm-2.23.so
b6f4e000-b6f4f000 rw-p 00053000 08:08 392428     /lib/i386-linux-gnu/libm-2.23.so
b6f4f000-b78e0000 r-xp 00000000 08:0a 292871     /home/w568w/下载/android-studio/jre/jre/lib/i386/server/libjvm.so
b78e0000-b794e000 rw-p 00990000 08:0a 292871     /home/w568w/下载/android-studio/jre/jre/lib/i386/server/libjvm.so
b794e000-b7d78000 rw-p 00000000 00:00 0 
b7d78000-b7f28000 r-xp 00000000 08:08 392479     /lib/i386-linux-gnu/libc-2.23.so
b7f28000-b7f2a000 r--p 001af000 08:08 392479     /lib/i386-linux-gnu/libc-2.23.so
b7f2a000-b7f2b000 rw-p 001b1000 08:08 392479     /lib/i386-linux-gnu/libc-2.23.so
b7f2b000-b7f2e000 rw-p 00000000 00:00 0 
b7f2e000-b7f31000 r-xp 00000000 08:08 398554     /lib/i386-linux-gnu/libdl-2.23.so
b7f31000-b7f32000 r--p 00002000 08:08 398554     /lib/i386-linux-gnu/libdl-2.23.so
b7f32000-b7f33000 rw-p 00003000 08:08 398554     /lib/i386-linux-gnu/libdl-2.23.so
b7f33000-b7f47000 r-xp 00000000 08:0a 294073     /home/w568w/下载/android-studio/jre/lib/i386/jli/libjli.so
b7f47000-b7f48000 rw-p 00014000 08:0a 294073     /home/w568w/下载/android-studio/jre/lib/i386/jli/libjli.so
b7f48000-b7f61000 r-xp 00000000 08:08 392434     /lib/i386-linux-gnu/libpthread-2.23.so
b7f61000-b7f62000 r--p 00018000 08:08 392434     /lib/i386-linux-gnu/libpthread-2.23.so
b7f62000-b7f63000 rw-p 00019000 08:08 392434     /lib/i386-linux-gnu/libpthread-2.23.so
b7f63000-b7f65000 rw-p 00000000 00:00 0 
b7f68000-b7f69000 r--p 002d4000 08:08 4350       /usr/lib/locale/locale-archive
b7f69000-b7f71000 rw-s 00000000 08:08 429117     /tmp/hsperfdata_w568w/11843
b7f71000-b7f79000 r-xp 00000000 08:08 413823     /lib/i386-linux-gnu/libnss_compat-2.23.so
b7f79000-b7f7a000 r--p 00007000 08:08 413823     /lib/i386-linux-gnu/libnss_compat-2.23.so
b7f7a000-b7f7b000 rw-p 00008000 08:08 413823     /lib/i386-linux-gnu/libnss_compat-2.23.so
b7f7b000-b7f7c000 rw-p 00000000 00:00 0 
b7f7c000-b7f7d000 ---p 00000000 00:00 0 
b7f7d000-b7f88000 r-xp 00000000 08:0a 292868     /home/w568w/下载/android-studio/jre/jre/lib/i386/libverify.so
b7f88000-b7f89000 rw-p 0000b000 08:0a 292868     /home/w568w/下载/android-studio/jre/jre/lib/i386/libverify.so
b7f89000-b7f8a000 rw-p 00000000 00:00 0 
b7f8a000-b7f8d000 r--p 00000000 00:00 0          [vvar]
b7f8d000-b7f8f000 r-xp 00000000 00:00 0          [vdso]
b7f8f000-b7fb2000 r-xp 00000000 08:08 392433     /lib/i386-linux-gnu/ld-2.23.so
b7fb2000-b7fb3000 r--p 00022000 08:08 392433     /lib/i386-linux-gnu/ld-2.23.so
b7fb3000-b7fb4000 rw-p 00023000 08:08 392433     /lib/i386-linux-gnu/ld-2.23.so
bfa25000-bfa47000 rw-p 00000000 00:00 0          [stack]

VM Arguments:
jvm_args: -Djava.awt.headless=true -Xmx1024M -Dfile.encoding=UTF-8 -Duser.country=US -Duser.language=en -Duser.variant 
java_command: com.android.dx.command.Main --dex --num-threads=4 --output /media/w568w/表情/Document And Settings2/Administrator/StudioProjects/fuckView/app/build/intermediates/transforms/dex/debug/folders/1000/1f/main /media/w568w/表情/Document And Settings2/Administrator/StudioProjects/fuckView/app/build/intermediates/pre-dexed/debug/classes_7f5f11a4ea16e7be7e41911bbc30c4e1248c98ec.jar /media/w568w/表情/Document And Settings2/Administrator/StudioProjects/fuckView/app/build/intermediates/pre-dexed/debug/classes_b4fb9fec1225b5853e88b45f44045b4537c2c944.jar /media/w568w/表情/Document And Settings2/Administrator/StudioProjects/fuckView/app/build/intermediates/pre-dexed/debug/classes_6f5f248b85caf8b5a85174b828d91cee8e9e2d91.jar /media/w568w/表情/Document And Settings2/Administrator/StudioProjects/fuckView/app/build/intermediates/pre-dexed/debug/classes_f96736e752d047ce5f79d4cafad8598637e1ec72.jar /media/w568w/表情/Document And Settings2/Administrator/StudioProjects/fuckView/app/build/intermediates/pre-dexed/debug/internal_impl-23.4.0_2837478df31dba27c8c13c7f955bd2cc7e3c1750.jar /media/w568w/表情/Document And Settings2/Administrator/StudioProjects/fuckView/app/build/intermediates/pre-dexed/debug/classes_3160532eef7973283b1ba3f7356ba16a5f4d0598.jar /media/w568w/表情/Document And Settings2/Administrator/StudioProjects/fuckView/app/build/intermediates/pre-dexed/debug/rhino-1.7.7.1_ad37f29952a6d4042cd75a3a498b2b73445e6bdc.jar /media/w568w/表情/Document And Settings2/Administrator/StudioProjects/fuckView/app/build/intermediates/pre-dexed/debug/classes_dd3ebaa21e2cde903aee3c98e500342d9c267717.jar /media/w568w/表情/Document And Settings2/Administrator/StudioProjects/fuckView/app/build/intermediates/pre-dexed/debug/classes_447b1b976bc6ea02930fe268349d3dd852aedb02.jar /media/w568w/表情/Document And Settings2/Administrator/StudioProjects/fuckView/app/build/intermediates/pre-dexed/debug/support-annotations-23.4.0_c5441587118047420e0ad83298b54e9db82b6607.jar 
java_class_path (initial): /home/w568w/sdk/build-tools/25.0.3/lib/dx.jar
Launcher Type: SUN_STANDARD

Environment Variables:
PATH=/home/w568w/bin:/home/w568w/.local/bin:/usr/local/sbin:/usr/local/bin:/usr/sbin:/usr/bin:/sbin:/bin:/usr/games:/usr/local/games
LD_LIBRARY_PATH=/home/w568w/下载/android-studio/bin:
SHELL=/bin/bash
DISPLAY=:0.0

Signal Handlers:
SIGSEGV: [libjvm.so+0x8dbed0], sa_mask[0]=11111111011111111101111111111110, sa_flags=SA_RESTART|SA_SIGINFO
SIGBUS: [libjvm.so+0x8dbed0], sa_mask[0]=11111111011111111101111111111110, sa_flags=SA_RESTART|SA_SIGINFO
SIGFPE: [libjvm.so+0x758b80], sa_mask[0]=11111111011111111101111111111110, sa_flags=SA_RESTART|SA_SIGINFO
SIGPIPE: [libjvm.so+0x758b80], sa_mask[0]=11111111011111111101111111111110, sa_flags=SA_RESTART|SA_SIGINFO
SIGXFSZ: [libjvm.so+0x758b80], sa_mask[0]=11111111011111111101111111111110, sa_flags=SA_RESTART|SA_SIGINFO
SIGILL: [libjvm.so+0x758b80], sa_mask[0]=11111111011111111101111111111110, sa_flags=SA_RESTART|SA_SIGINFO
SIGUSR1: SIG_DFL, sa_mask[0]=00000000000000000000000000000000, sa_flags=none
SIGUSR2: [libjvm.so+0x75a430], sa_mask[0]=00100000000000000000000000000000, sa_flags=SA_RESTART|SA_SIGINFO
SIGHUP: [libjvm.so+0x75b8e0], sa_mask[0]=11111111011111111101111111111110, sa_flags=SA_RESTART|SA_SIGINFO
SIGINT: [libjvm.so+0x75b8e0], sa_mask[0]=11111111011111111101111111111110, sa_flags=SA_RESTART|SA_SIGINFO
SIGTERM: [libjvm.so+0x75b8e0], sa_mask[0]=11111111011111111101111111111110, sa_flags=SA_RESTART|SA_SIGINFO
SIGQUIT: [libjvm.so+0x75b8e0], sa_mask[0]=11111111011111111101111111111110, sa_flags=SA_RESTART|SA_SIGINFO


---------------  S Y S T E M  ---------------

OS:DISTRIB_ID=LinuxMint
DISTRIB_RELEASE=18.3
DISTRIB_CODENAME=sylvia
DISTRIB_DESCRIPTION="Linux Mint 18.3 Sylvia"

uname:Linux 4.13.0-37-generic #42~16.04.1-Ubuntu SMP Wed Mar 7 16:02:25 UTC 2018 i686
libc:glibc 2.23 NPTL 2.23 
rlimit: STACK 8192k, CORE 0k, NPROC 29879, NOFILE 1048576, AS infinity
load average:3.97 2.87 2.49

/proc/meminfo:
MemTotal:        3874260 kB
MemFree:          222656 kB
MemAvailable:      17292 kB
Buffers:            2948 kB
Cached:           127316 kB
SwapCached:            0 kB
Active:          3438604 kB
Inactive:         101032 kB
Active(anon):    3410988 kB
Inactive(anon):    72896 kB
Active(file):      27616 kB
Inactive(file):    28136 kB
Unevictable:          64 kB
Mlocked:              64 kB
HighTotal:       3022472 kB
HighFree:          53540 kB
LowTotal:         851788 kB
LowFree:          169116 kB
SwapTotal:             0 kB
SwapFree:              0 kB
Dirty:               184 kB
Writeback:             0 kB
AnonPages:       3409532 kB
Mapped:           116324 kB
Shmem:             74352 kB
Slab:              47504 kB
SReclaimable:      22480 kB
SUnreclaim:        25024 kB
KernelStack:        5704 kB
PageTables:        19840 kB
NFS_Unstable:          0 kB
Bounce:               24 kB
WritebackTmp:          0 kB
CommitLimit:     1937128 kB
Committed_AS:    7386724 kB
VmallocTotal:     122880 kB
VmallocUsed:           0 kB
VmallocChunk:          0 kB
AnonHugePages:         0 kB
ShmemHugePages:        0 kB
ShmemPmdMapped:        0 kB
CmaTotal:              0 kB
CmaFree:               0 kB
HugePages_Total:       0
HugePages_Free:        0
HugePages_Rsvd:        0
HugePages_Surp:        0
Hugepagesize:       2048 kB
DirectMap4k:       20472 kB
DirectMap2M:      888832 kB


CPU:total 4 (initial active 4) (4 cores per cpu, 1 threads per core) family 16 model 5 stepping 3, cmov, cx8, fxsr, mmx, sse, sse2, sse3, popcnt, mmxext, 3dnowpref, lzcnt, sse4a, tsc, tscinvbit, tscinv

/proc/cpuinfo:
processor	: 0
vendor_id	: AuthenticAMD
cpu family	: 16
model		: 5
model name	: AMD Athlon(tm) II X4 635 Processor
stepping	: 3
microcode	: 0x10000b6
cpu MHz		: 1700.000
cache size	: 512 KB
physical id	: 0
siblings	: 4
core id		: 0
cpu cores	: 4
apicid		: 0
initial apicid	: 0
fdiv_bug	: no
f00f_bug	: no
coma_bug	: no
fpu		: yes
fpu_exception	: yes
cpuid level	: 5
wp		: yes
flags		: fpu vme de pse tsc msr pae mce cx8 apic sep mtrr pge mca cmov pat pse36 clflush mmx fxsr sse sse2 ht syscall nx mmxext fxsr_opt pdpe1gb rdtscp lm 3dnowext 3dnow constant_tsc rep_good nonstop_tsc cpuid extd_apicid pni monitor cx16 popcnt lahf_lm cmp_legacy svm extapic cr8_legacy abm sse4a misalignsse 3dnowprefetch osvw ibs skinit wdt hw_pstate retpoline retpoline_amd rsb_ctxsw vmmcall npt lbrv svm_lock nrip_save
bugs		: tlb_mmatch fxsave_leak sysret_ss_attrs spectre_v1 spectre_v2
bogomips	: 5826.49
clflush size	: 64
cache_alignment	: 64
address sizes	: 48 bits physical, 48 bits virtual
power management: ts ttp tm stc 100mhzsteps hwpstate

processor	: 1
vendor_id	: AuthenticAMD
cpu family	: 16
model		: 5
model name	: AMD Athlon(tm) II X4 635 Processor
stepping	: 3
microcode	: 0x10000b6
cpu MHz		: 1700.000
cache size	: 512 KB
physical id	: 0
siblings	: 4
core id		: 1
cpu cores	: 4
apicid		: 1
initial apicid	: 1
fdiv_bug	: no
f00f_bug	: no
coma_bug	: no
fpu		: yes
fpu_exception	: yes
cpuid level	: 5
wp		: yes
flags		: fpu vme de pse tsc msr pae mce cx8 apic sep mtrr pge mca cmov pat pse36 clflush mmx fxsr sse sse2 ht syscall nx mmxext fxsr_opt pdpe1gb rdtscp lm 3dnowext 3dnow constant_tsc rep_good nonstop_tsc cpuid extd_apicid pni monitor cx16 popcnt lahf_lm cmp_legacy svm extapic cr8_legacy abm sse4a misalignsse 3dnowprefetch osvw ibs skinit wdt hw_pstate retpoline retpoline_amd rsb_ctxsw vmmcall npt lbrv svm_lock nrip_save
bugs		: tlb_mmatch fxsave_leak sysret_ss_attrs spectre_v1 spectre_v2
bogomips	: 5826.49
clflush size	: 64
cache_alignment	: 64
address sizes	: 48 bits physical, 48 bits virtual
power management: ts ttp tm stc 100mhzsteps hwpstate

processor	: 2
vendor_id	: AuthenticAMD
cpu family	: 16
model		: 5
model name	: AMD Athlon(tm) II X4 635 Processor
stepping	: 3
microcode	: 0x10000b6
cpu MHz		: 1700.000
cache size	: 512 KB
physical id	: 0
siblings	: 4
core id		: 2
cpu cores	: 4
apicid		: 2
initial apicid	: 2
fdiv_bug	: no
f00f_bug	: no
coma_bug	: no
fpu		: yes
fpu_exception	: yes
cpuid level	: 5
wp		: yes
flags		: fpu vme de pse tsc msr pae mce cx8 apic sep mtrr pge mca cmov pat pse36 clflush mmx fxsr sse sse2 ht syscall nx mmxext fxsr_opt pdpe1gb rdtscp lm 3dnowext 3dnow constant_tsc rep_good nonstop_tsc cpuid extd_apicid pni monitor cx16 popcnt lahf_lm cmp_legacy svm extapic cr8_legacy abm sse4a misalignsse 3dnowprefetch osvw ibs skinit wdt hw_pstate retpoline retpoline_amd rsb_ctxsw vmmcall npt lbrv svm_lock nrip_save
bugs		: tlb_mmatch fxsave_leak sysret_ss_attrs spectre_v1 spectre_v2
bogomips	: 5826.49
clflush size	: 64
cache_alignment	: 64
address sizes	: 48 bits physical, 48 bits virtual
power management: ts ttp tm stc 100mhzsteps hwpstate

processor	: 3
vendor_id	: AuthenticAMD
cpu family	: 16
model		: 5
model name	: AMD Athlon(tm) II X4 635 Processor
stepping	: 3
microcode	: 0x10000b6
cpu MHz		: 1700.000
cache size	: 512 KB
physical id	: 0
siblings	: 4
core id		: 3
cpu cores	: 4
apicid		: 3
initial apicid	: 3
fdiv_bug	: no
f00f_bug	: no
coma_bug	: no
fpu		: yes
fpu_exception	: yes
cpuid level	: 5
wp		: yes
flags		: fpu vme de pse tsc msr pae mce cx8 apic sep mtrr pge mca cmov pat pse36 clflush mmx fxsr sse sse2 ht syscall nx mmxext fxsr_opt pdpe1gb rdtscp lm 3dnowext 3dnow constant_tsc rep_good nonstop_tsc cpuid extd_apicid pni monitor cx16 popcnt lahf_lm cmp_legacy svm extapic cr8_legacy abm sse4a misalignsse 3dnowprefetch osvw ibs skinit wdt hw_pstate retpoline retpoline_amd rsb_ctxsw vmmcall npt lbrv svm_lock nrip_save
bugs		: tlb_mmatch fxsave_leak sysret_ss_attrs spectre_v1 spectre_v2
bogomips	: 5826.49
clflush size	: 64
cache_alignment	: 64
address sizes	: 48 bits physical, 48 bits virtual
power management: ts ttp tm stc 100mhzsteps hwpstate



Memory: 4k page, physical 3874260k(222532k free), swap 0k(0k free)

vm_info: Java HotSpot(TM) Server VM (25.144-b01) for linux-x86 JRE (1.8.0_144-b01), built on Jul 22 2017 02:26:52 by "java_re" with gcc 4.3.0 20080428 (Red Hat 4.3.0-8)

time: Thu Apr  5 21:53:18 2018
elapsed time: 2 seconds (0d 0h 0m 2s)

