#
# There is insufficient memory for the Java Runtime Environment to continue.
# Native memory allocation (mmap) failed to map 120848384 bytes for committing reserved memory.
# Possible reasons:
#   The system is out of physical RAM or swap space
#   In 32 bit mode, the process size limit was hit
# Possible solutions:
#   Reduce memory load on the system
#   Increase physical memory or swap space
#   Check if swap backing store is full
#   Use 64 bit Java on a 64 bit OS
#   Decrease Java heap size (-Xmx/-Xms)
#   Decrease number of Java threads
#   Decrease Java thread stack sizes (-Xss)
#   Set larger code cache with -XX:ReservedCodeCacheSize=
# This output file may be truncated or incomplete.
#
#  Out of Memory Error (os_linux.cpp:2640), pid=14778, tid=0x63cd9b40
#
# JRE version: Java(TM) SE Runtime Environment (8.0_144-b01) (build 1.8.0_144-b01)
# Java VM: Java HotSpot(TM) Server VM (25.144-b01 mixed mode linux-x86 )
# Failed to write core dump. Core dumps have been disabled. To enable core dumping, try "ulimit -c unlimited" before starting Java again
#

---------------  T H R E A D  ---------------

Current thread (0x63b81800):  VMThread [stack: 0x63c59000,0x63cda000] [id=14790]

Stack: [0x63c59000,0x63cda000],  sp=0x63cd8730,  free space=509k
Native frames: (J=compiled Java code, j=interpreted, Vv=VM code, C=native code)
V  [libjvm.so+0x8db3bf]  VMError::report_and_die()+0x16f
V  [libjvm.so+0x3927d5]  report_vm_out_of_memory(char const*, int, unsigned int, VMErrorType, char const*)+0x55
V  [libjvm.so+0x75be96]  os::Linux::commit_memory_impl(char*, unsigned int, bool)+0xe6
V  [libjvm.so+0x75c2b8]  os::pd_commit_memory(char*, unsigned int, unsigned int, bool)+0x28
V  [libjvm.so+0x7561cc]  os::commit_memory(char*, unsigned int, unsigned int, bool)+0x2c
V  [libjvm.so+0x7c1aa8]  PSVirtualSpace::expand_by(unsigned int)+0x48
V  [libjvm.so+0x7c2baa]  PSYoungGen::resize_generation(unsigned int, unsigned int)+0xda
V  [libjvm.so+0x7c1ed9]  PSYoungGen::resize(unsigned int, unsigned int)+0x19
V  [libjvm.so+0x7bf805]  PSScavenge::invoke_no_policy()+0xd15
V  [libjvm.so+0x7bffc8]  PSScavenge::invoke()+0x28
V  [libjvm.so+0x77dc3a]  ParallelScavengeHeap::failed_mem_allocate(unsigned int)+0x5a
V  [libjvm.so+0x8dce8a]  VM_ParallelGCFailedAllocation::doit()+0x7a
V  [libjvm.so+0x8e6547]  VM_Operation::evaluate()+0x47
V  [libjvm.so+0x8e4623]  VMThread::evaluate_operation(VM_Operation*)+0xb3
V  [libjvm.so+0x8e49c0]  VMThread::loop()+0x1b0
V  [libjvm.so+0x8e4e25]  VMThread::run()+0x85
V  [libjvm.so+0x75e759]  java_start(Thread*)+0x119
C  [libpthread.so.0+0x6295]  start_thread+0xe5

VM_Operation (0xb6748f94): ParallelGCFailedAllocation, mode: safepoint, requested by thread 0xb6507800


---------------  P R O C E S S  ---------------

Java Threads: ( => current thread )
  0x63109000 JavaThread "pool-1-thread-4" [_thread_blocked, id=14815, stack(0x62fbc000,0x6300d000)]
  0x63103400 JavaThread "pool-1-thread-3" [_thread_blocked, id=14814, stack(0x6300d000,0x6305e000)]
  0x63108000 JavaThread "pool-1-thread-2" [_thread_blocked, id=14813, stack(0x6305e000,0x630af000)]
  0x63101400 JavaThread "pool-2-thread-1" [_thread_blocked, id=14808, stack(0x630af000,0x63100000)]
  0x63bfd800 JavaThread "pool-1-thread-1" [_thread_blocked, id=14806, stack(0x63205000,0x63256000)]
  0x63bac000 JavaThread "Service Thread" daemon [_thread_blocked, id=14801, stack(0x632d7000,0x63328000)]
  0x63ba8c00 JavaThread "C1 CompilerThread2" daemon [_thread_blocked, id=14797, stack(0x63328000,0x633a9000)]
  0x63ba7400 JavaThread "C2 CompilerThread1" daemon [_thread_blocked, id=14796, stack(0x633a9000,0x6342a000)]
  0x63ba5800 JavaThread "C2 CompilerThread0" daemon [_thread_blocked, id=14795, stack(0x6342a000,0x634ab000)]
  0x63ba4000 JavaThread "Signal Dispatcher" daemon [_thread_blocked, id=14794, stack(0x634ab000,0x634fc000)]
  0x63b88c00 JavaThread "Finalizer" daemon [_thread_blocked, id=14792, stack(0x638af000,0x63900000)]
  0x63b86000 JavaThread "Reference Handler" daemon [_thread_blocked, id=14791, stack(0x63c08000,0x63c59000)]
  0xb6507800 JavaThread "main" [_thread_blocked, id=14784, stack(0xb66fa000,0xb674b000)]

Other Threads:
=>0x63b81800 VMThread [stack: 0x63c59000,0x63cda000] [id=14790]
  0x63baf000 WatcherThread [stack: 0x63256000,0x632d7000] [id=14803]

VM state:at safepoint (normal execution)

VM Mutex/Monitor currently owned by a thread:  ([mutex/lock_event])
[0xb6505008] Threads_lock - owner thread: 0x63b81800
[0xb6505418] Heap_lock - owner thread: 0xb6507800

Heap:
 PSYoungGen      total 207360K, used 24059K [0x91ac0000, 0x9fcc0000, 0xa7000000)
  eden space 183296K, 0% used [0x91ac0000,0x91ac0000,0x9cdc0000)
  from space 24064K, 99% used [0x9cdc0000,0x9e53eee8,0x9e540000)
  to   space 20992K, 0% used [0x9e840000,0x9e840000,0x9fcc0000)
 ParOldGen       total 66048K, used 56512K [0x67000000, 0x6b080000, 0x91ac0000)
  object space 66048K, 85% used [0x67000000,0x6a730238,0x6b080000)
 Metaspace       used 4253K, capacity 4294K, committed 4376K, reserved 4400K

Card table byte_map: [0x66dff000,0x67000000] byte_map_base: 0x66ac7000

Marking Bits: (ParMarkBitMap*) 0xb71b29c0
 Begin Bits: [0x64700000, 0x65700000)
 End Bits:   [0x65700000, 0x66700000)

Polling page: 0xb77c9000

CodeCache: size=245760Kb used=6810Kb max_used=6810Kb free=238949Kb
 bounds [0xa7500000, 0xa7bb0000, 0xb6500000]
 total_blobs=2227 nmethods=2067 adapters=74
 compilation: enabled

Compilation events (10 events):
Event: 14.497 Thread 0x63ba7400 nmethod 2471 0xa7b97288 code [0xa7b973a0, 0xa7b9757c]
Event: 14.497 Thread 0x63ba7400 1324       4       com.android.dx.ssa.SsaMethod::deleteInsns (239 bytes)
Event: 14.523 Thread 0x63ba8c00 2472 %     3       com.android.dx.rop.code.LocalVariableExtractor::processBlock @ 266 (327 bytes)
Event: 14.527 Thread 0x63ba8c00 nmethod 2472% 0xa7ba20c8 code [0xa7ba2560, 0xa7ba56c8]
Event: 14.527 Thread 0x63ba8c00 2473       3       com.android.dx.rop.code.LocalVariableExtractor::processBlock (327 bytes)
Event: 14.530 Thread 0x63ba8c00 nmethod 2473 0xa7ba7b48 code [0xa7ba7fe0, 0xa7bab008]
Event: 14.565 Thread 0x63ba8c00 2475       1       com.android.dx.cf.code.Simulator$SimVisitor::getPreviousOffset (5 bytes)
Event: 14.566 Thread 0x63ba8c00 nmethod 2475 0xa7b99c08 code [0xa7b99d00, 0xa7b99da0]
Event: 14.566 Thread 0x63ba8c00 2476       2       com.android.dx.cf.code.BytecodeArray$BaseVisitor::<init> (10 bytes)
Event: 14.566 Thread 0x63ba8c00 nmethod 2476 0xa7b98f48 code [0xa7b99040, 0xa7b99120]

GC Heap History (10 events):
Event: 8.826 GC heap after
Heap after GC invocations=7 (full 0):
 PSYoungGen      total 69632K, used 9466K [0x91ac0000, 0x9abc0000, 0xa7000000)
  eden space 60160K, 0% used [0x91ac0000,0x91ac0000,0x95580000)
  from space 9472K, 99% used [0x95580000,0x95ebea78,0x95ec0000)
  to   space 14080K, 0% used [0x99e00000,0x99e00000,0x9abc0000)
 ParOldGen       total 40960K, used 23087K [0x67000000, 0x69800000, 0x91ac0000)
  object space 40960K, 56% used [0x67000000,0x6868bc98,0x69800000)
 Metaspace       used 4064K, capacity 4102K, committed 4120K, reserved 4400K
}
Event: 9.079 GC heap before
{Heap before GC invocations=8 (full 0):
 PSYoungGen      total 69632K, used 69626K [0x91ac0000, 0x9abc0000, 0xa7000000)
  eden space 60160K, 100% used [0x91ac0000,0x95580000,0x95580000)
  from space 9472K, 99% used [0x95580000,0x95ebea78,0x95ec0000)
  to   space 14080K, 0% used [0x99e00000,0x99e00000,0x9abc0000)
 ParOldGen       total 40960K, used 23087K [0x67000000, 0x69800000, 0x91ac0000)
  object space 40960K, 56% used [0x67000000,0x6868bc98,0x69800000)
 Metaspace       used 4116K, capacity 4134K, committed 4248K, reserved 4400K
Event: 10.377 GC heap after
Heap after GC invocations=8 (full 0):
 PSYoungGen      total 130560K, used 14073K [0x91ac0000, 0x9b340000, 0xa7000000)
  eden space 116480K, 0% used [0x91ac0000,0x91ac0000,0x98c80000)
  from space 14080K, 99% used [0x99e00000,0x9abbe780,0x9abc0000)
  to   space 17920K, 0% used [0x98c80000,0x98c80000,0x99e00000)
 ParOldGen       total 40960K, used 26873K [0x67000000, 0x69800000, 0x91ac0000)
  object space 40960K, 65% used [0x67000000,0x68a3e6f0,0x69800000)
 Metaspace       used 4116K, capacity 4134K, committed 4248K, reserved 4400K
}
Event: 10.755 GC heap before
{Heap before GC invocations=9 (full 0):
 PSYoungGen      total 130560K, used 130553K [0x91ac0000, 0x9b340000, 0xa7000000)
  eden space 116480K, 100% used [0x91ac0000,0x98c80000,0x98c80000)
  from space 14080K, 99% used [0x99e00000,0x9abbe780,0x9abc0000)
  to   space 17920K, 0% used [0x98c80000,0x98c80000,0x99e00000)
 ParOldGen       total 40960K, used 26873K [0x67000000, 0x69800000, 0x91ac0000)
  object space 40960K, 65% used [0x67000000,0x68a3e6f0,0x69800000)
 Metaspace       used 4173K, capacity 4198K, committed 4248K, reserved 4400K
Event: 13.334 GC heap after
Heap after GC invocations=9 (full 0):
 PSYoungGen      total 134400K, used 17917K [0x91ac0000, 0x9ffc0000, 0xa7000000)
  eden space 116480K, 0% used [0x91ac0000,0x91ac0000,0x98c80000)
  from space 17920K, 99% used [0x98c80000,0x99dff690,0x99e00000)
  to   space 24064K, 0% used [0x9e840000,0x9e840000,0x9ffc0000)
 ParOldGen       total 40960K, used 35522K [0x67000000, 0x69800000, 0x91ac0000)
  object space 40960K, 86% used [0x67000000,0x692b09d0,0x69800000)
 Metaspace       used 4173K, capacity 4198K, committed 4248K, reserved 4400K
}
Event: 13.334 GC heap before
{Heap before GC invocations=10 (full 1):
 PSYoungGen      total 134400K, used 17917K [0x91ac0000, 0x9ffc0000, 0xa7000000)
  eden space 116480K, 0% used [0x91ac0000,0x91ac0000,0x98c80000)
  from space 17920K, 99% used [0x98c80000,0x99dff690,0x99e00000)
  to   space 24064K, 0% used [0x9e840000,0x9e840000,0x9ffc0000)
 ParOldGen       total 40960K, used 35522K [0x67000000, 0x69800000, 0x91ac0000)
  object space 40960K, 86% used [0x67000000,0x692b09d0,0x69800000)
 Metaspace       used 4173K, capacity 4198K, committed 4248K, reserved 4400K
Event: 13.540 GC heap after
Heap after GC invocations=10 (full 1):
 PSYoungGen      total 134400K, used 3787K [0x91ac0000, 0x9ffc0000, 0xa7000000)
  eden space 116480K, 0% used [0x91ac0000,0x91ac0000,0x98c80000)
  from space 17920K, 21% used [0x98c80000,0x99032ca0,0x99e00000)
  to   space 24064K, 0% used [0x9e840000,0x9e840000,0x9ffc0000)
 ParOldGen       total 66048K, used 40836K [0x67000000, 0x6b080000, 0x91ac0000)
  object space 66048K, 61% used [0x67000000,0x697e1158,0x6b080000)
 Metaspace       used 4173K, capacity 4198K, committed 4248K, reserved 4400K
}
Event: 13.923 GC heap before
{Heap before GC invocations=11 (full 1):
 PSYoungGen      total 134400K, used 120267K [0x91ac0000, 0x9ffc0000, 0xa7000000)
  eden space 116480K, 100% used [0x91ac0000,0x98c80000,0x98c80000)
  from space 17920K, 21% used [0x98c80000,0x99032ca0,0x99e00000)
  to   space 24064K, 0% used [0x9e840000,0x9e840000,0x9ffc0000)
 ParOldGen       total 66048K, used 40836K [0x67000000, 0x6b080000, 0x91ac0000)
  object space 66048K, 61% used [0x67000000,0x697e1158,0x6b080000)
 Metaspace       used 4193K, capacity 4230K, committed 4248K, reserved 4400K
Event: 13.955 GC heap after
Heap after GC invocations=11 (full 1):
 PSYoungGen      total 204288K, used 14501K [0x91ac0000, 0x9fcc0000, 0xa7000000)
  eden space 183296K, 0% used [0x91ac0000,0x91ac0000,0x9cdc0000)
  from space 20992K, 69% used [0x9e840000,0x9f6696f0,0x9fcc0000)
  to   space 24064K, 0% used [0x9cdc0000,0x9cdc0000,0x9e540000)
 ParOldGen       total 66048K, used 42563K [0x67000000, 0x6b080000, 0x91ac0000)
  object space 66048K, 64% used [0x67000000,0x69990db0,0x6b080000)
 Metaspace       used 4193K, capacity 4230K, committed 4248K, reserved 4400K
}
Event: 14.605 GC heap before
{Heap before GC invocations=12 (full 1):
 PSYoungGen      total 204288K, used 197797K [0x91ac0000, 0x9fcc0000, 0xa7000000)
  eden space 183296K, 100% used [0x91ac0000,0x9cdc0000,0x9cdc0000)
  from space 20992K, 69% used [0x9e840000,0x9f6696f0,0x9fcc0000)
  to   space 24064K, 0% used [0x9cdc0000,0x9cdc0000,0x9e540000)
 ParOldGen       total 66048K, used 42563K [0x67000000, 0x6b080000, 0x91ac0000)
  object space 66048K, 64% used [0x67000000,0x69990db0,0x6b080000)
 Metaspace       used 4253K, capacity 4294K, committed 4376K, reserved 4400K

Deoptimization events (10 events):
Event: 6.954 Thread 0x63bfd800 Uncommon trap: reason=unstable_if action=reinterpret pc=0xa77453ac method=java.util.HashMap.putVal(ILjava/lang/Object;Ljava/lang/Object;ZZ)Ljava/lang/Object; @ 162
Event: 7.371 Thread 0x63bfd800 Uncommon trap: reason=unstable_if action=reinterpret pc=0xa77095e4 method=java.util.HashMap.getNode(ILjava/lang/Object;)Ljava/util/HashMap$Node; @ 84
Event: 7.392 Thread 0x63108000 Uncommon trap: reason=unstable_if action=reinterpret pc=0xa76fb1e4 method=java.util.HashMap.getNode(ILjava/lang/Object;)Ljava/util/HashMap$Node; @ 84
Event: 7.645 Thread 0xb6507800 Uncommon trap: reason=null_check action=make_not_entrant pc=0xa785b254 method=com.android.dx.ssa.SsaRenamer.getLocalForNewReg(I)Lcom/android/dx/rop/code/LocalItem; @ 19
Event: 8.857 Thread 0x63109000 Uncommon trap: reason=null_check action=make_not_entrant pc=0xa7966ae8 method=com.android.dx.ssa.SsaRenamer.getLocalForNewReg(I)Lcom/android/dx/rop/code/LocalItem; @ 19
Event: 10.634 Thread 0x63bfd800 Uncommon trap: reason=unstable_if action=reinterpret pc=0xa77fddf4 method=com.android.dx.rop.code.RegisterSpecSet.put(Lcom/android/dx/rop/code/RegisterSpec;)V @ 62
Event: 13.972 Thread 0x63103400 Uncommon trap: reason=unstable_if action=reinterpret pc=0xa7a8969c method=com.android.dx.ssa.SCCP.simulateBranch(Lcom/android/dx/ssa/SsaInsn;)V @ 140
Event: 14.434 Thread 0xb6507800 Uncommon trap: reason=bimorphic action=maybe_recompile pc=0xa7b27080 method=com.android.dx.cf.code.BytecodeArray.parseInstruction(ILcom/android/dx/cf/code/BytecodeArray$Visitor;)I @ 1447
Event: 14.434 Thread 0xb6507800 Uncommon trap: reason=bimorphic action=maybe_recompile pc=0xa7b27080 method=com.android.dx.cf.code.BytecodeArray.parseInstruction(ILcom/android/dx/cf/code/BytecodeArray$Visitor;)I @ 1447
Event: 14.446 Thread 0xb6507800 Uncommon trap: reason=unstable_if action=reinterpret pc=0xa7b8c47c method=com.android.dx.rop.code.LocalVariableInfo.mergeStarts(ILcom/android/dx/rop/code/RegisterSpecSet;)Z @ 31

Internal exceptions (7 events):
Event: 0.038 Thread 0xb6507800 Exception <a 'java/lang/NoSuchMethodError': Method sun.misc.Unsafe.defineClass(Ljava/lang/String;[BII)Ljava/lang/Class; name or signature does not match> (0x91ac6e90) thrown at [/HUDSON3/workspace/8-2-build-linux-i586/jdk8u144/9417/hotspot/src/share/vm/pr
Event: 0.038 Thread 0xb6507800 Exception <a 'java/lang/NoSuchMethodError': Method sun.misc.Unsafe.prefetchRead(Ljava/lang/Object;J)V name or signature does not match> (0x91ac7160) thrown at [/HUDSON3/workspace/8-2-build-linux-i586/jdk8u144/9417/hotspot/src/share/vm/prims/jni.cpp, line 
Event: 6.978 Thread 0x63bfd800 Exception <a 'java/lang/ArrayIndexOutOfBoundsException': 18> (0x92fa48f8) thrown at [/HUDSON3/workspace/8-2-build-linux-i586/jdk8u144/9417/hotspot/src/share/vm/interpreter/interpreterRuntime.cpp, line 366]
Event: 6.979 Thread 0x63bfd800 Exception <a 'java/lang/ArrayIndexOutOfBoundsException': 145> (0x92fa6198) thrown at [/HUDSON3/workspace/8-2-build-linux-i586/jdk8u144/9417/hotspot/src/share/vm/interpreter/interpreterRuntime.cpp, line 366]
Event: 7.020 Thread 0x63bfd800 Exception <a 'java/lang/ArrayIndexOutOfBoundsException': 40> (0x92fa7278) thrown at [/HUDSON3/workspace/8-2-build-linux-i586/jdk8u144/9417/hotspot/src/share/vm/interpreter/interpreterRuntime.cpp, line 366]
Event: 7.645 Thread 0xb6507800 Implicit null exception at 0xa7857062 to 0xa785b239
Event: 8.857 Thread 0x63109000 Implicit null exception at 0xa79636bc to 0xa7966ad9

Events (10 events):
Event: 14.583 Thread 0x63109000 DEOPT UNPACKING pc=0xa753c590 sp=0x6300b63c mode 0
Event: 14.599 Thread 0x63109000 DEOPT PACKING pc=0xa77b5073 sp=0x6300b710
Event: 14.599 Thread 0x63109000 DEOPT UNPACKING pc=0xa753c590 sp=0x6300b5ec mode 0
Event: 14.599 Thread 0x63109000 DEOPT PACKING pc=0xa76aef92 sp=0x6300b8c0
Event: 14.599 Thread 0x63109000 DEOPT UNPACKING pc=0xa753c590 sp=0x6300b76c mode 0
Event: 14.600 Thread 0x63109000 DEOPT PACKING pc=0xa76aef92 sp=0x6300b8c0
Event: 14.600 Thread 0x63109000 DEOPT UNPACKING pc=0xa753c590 sp=0x6300b76c mode 0
Event: 14.602 Thread 0x63109000 DEOPT PACKING pc=0xa76aef92 sp=0x6300b7f0
Event: 14.602 Thread 0x63109000 DEOPT UNPACKING pc=0xa753c590 sp=0x6300b69c mode 0
Event: 14.603 Executing VM operation: ParallelGCFailedAllocation


Dynamic libraries:
08048000-08049000 r-xp 00000000 08:0a 289933     /home/w568w/下载/android-studio/jre/bin/java
08049000-0804a000 rw-p 00000000 08:0a 289933     /home/w568w/下载/android-studio/jre/bin/java
088a1000-08920000 rw-p 00000000 00:00 0          [heap]
61c00000-61cf8000 rw-p 00000000 00:00 0 
61cf8000-61d00000 ---p 00000000 00:00 0 
61d00000-61d4d000 rw-p 00000000 00:00 0 
61d4d000-61e00000 ---p 00000000 00:00 0 
61e00000-61e44000 rw-p 00000000 00:00 0 
61e44000-61f00000 ---p 00000000 00:00 0 
62000000-620e0000 rw-p 00000000 00:00 0 
620e0000-62100000 ---p 00000000 00:00 0 
62100000-621fe000 rw-p 00000000 00:00 0 
621fe000-62200000 ---p 00000000 00:00 0 
62200000-62400000 rw-p 00000000 00:00 0 
62400000-624df000 rw-p 00000000 00:00 0 
624df000-62500000 ---p 00000000 00:00 0 
62600000-62700000 rw-p 00000000 00:00 0 
62800000-628ff000 rw-p 00000000 00:00 0 
628ff000-62900000 ---p 00000000 00:00 0 
62900000-62a00000 rw-p 00000000 00:00 0 
62a00000-62afe000 rw-p 00000000 00:00 0 
62afe000-62b00000 ---p 00000000 00:00 0 
62b00000-62bfb000 rw-p 00000000 00:00 0 
62bfb000-62c00000 ---p 00000000 00:00 0 
62c00000-62d00000 rw-p 00000000 00:00 0 
62d00000-62e00000 rw-p 00000000 00:00 0 
62e00000-62eff000 rw-p 00000000 00:00 0 
62eff000-62f00000 ---p 00000000 00:00 0 
62fbc000-62fbf000 ---p 00000000 00:00 0 
62fbf000-6300d000 rw-p 00000000 00:00 0 
6300d000-63010000 ---p 00000000 00:00 0 
63010000-6305e000 rw-p 00000000 00:00 0 
6305e000-63061000 ---p 00000000 00:00 0 
63061000-630af000 rw-p 00000000 00:00 0 
630af000-630b2000 ---p 00000000 00:00 0 
630b2000-63100000 rw-p 00000000 00:00 0 
63100000-63188000 rw-p 00000000 00:00 0 
63188000-63200000 ---p 00000000 00:00 0 
63205000-63208000 ---p 00000000 00:00 0 
63208000-63256000 rw-p 00000000 00:00 0 
63256000-63257000 ---p 00000000 00:00 0 
63257000-632d7000 rw-p 00000000 00:00 0 
632d7000-632da000 ---p 00000000 00:00 0 
632da000-63328000 rw-p 00000000 00:00 0 
63328000-6332b000 ---p 00000000 00:00 0 
6332b000-633a9000 rw-p 00000000 00:00 0 
633a9000-633ac000 ---p 00000000 00:00 0 
633ac000-6342a000 rw-p 00000000 00:00 0 
6342a000-6342d000 ---p 00000000 00:00 0 
6342d000-634ab000 rw-p 00000000 00:00 0 
634ab000-634ae000 ---p 00000000 00:00 0 
634ae000-634fc000 rw-p 00000000 00:00 0 
634fc000-636af000 r--p 0048c000 08:08 1033       /usr/lib/locale/locale-archive
636af000-638af000 r--p 00000000 08:08 1033       /usr/lib/locale/locale-archive
638af000-638b2000 ---p 00000000 00:00 0 
638b2000-63900000 rw-p 00000000 00:00 0 
63900000-639f5000 rw-p 00000000 00:00 0 
639f5000-63a00000 ---p 00000000 00:00 0 
63a00000-63a21000 rw-p 00000000 00:00 0 
63a21000-63b00000 ---p 00000000 00:00 0 
63b00000-63c00000 rw-p 00000000 00:00 0 
63c08000-63c0b000 ---p 00000000 00:00 0 
63c0b000-63c59000 rw-p 00000000 00:00 0 
63c59000-63c5a000 ---p 00000000 00:00 0 
63c5a000-63cda000 rw-p 00000000 00:00 0 
63cda000-63eb4000 r--s 03d4d000 08:0a 292651     /home/w568w/下载/android-studio/jre/jre/lib/rt.jar
63eb4000-642fa000 rw-p 00000000 00:00 0 
642fa000-64300000 ---p 00000000 00:00 0 
64300000-66700000 rw-p 00000000 00:00 0 
66700000-66800000 rw-p 00000000 00:00 0 
66824000-6687f000 rw-p 00000000 00:00 0 
6687f000-66880000 ---p 00000000 00:00 0 
66880000-66900000 rw-p 00000000 00:00 0 
66900000-66921000 rw-p 00000000 00:00 0 
66921000-66a00000 ---p 00000000 00:00 0 
66a00000-66afd000 rw-p 00000000 00:00 0 
66afd000-66b00000 ---p 00000000 00:00 0 
66b00000-66b21000 rw-p 00000000 00:00 0 
66b21000-66c00000 ---p 00000000 00:00 0 
66c28000-66c29000 ---p 00000000 00:00 0 
66c29000-66cca000 rw-p 00000000 00:00 0 
66cca000-66dff000 ---p 00000000 00:00 0 
66dff000-66e20000 rw-p 00000000 00:00 0 
66e20000-66f54000 ---p 00000000 00:00 0 
66f54000-66fc6000 rw-p 00000000 00:00 0 
66fc6000-66fff000 ---p 00000000 00:00 0 
66fff000-6b080000 rw-p 00000000 00:00 0 
6b080000-91ac0000 ---p 00000000 00:00 0 
91ac0000-9fcc0000 rw-p 00000000 00:00 0 
a6e67000-a7004000 rw-p 00000000 00:00 0 
a7004000-a7025000 r--p 00000000 08:08 321530     /usr/share/locale-langpack/zh_CN/LC_MESSAGES/libc.mo
a7025000-a702f000 r--s 000ec000 08:05 627024     /media/w568w/表情/Document And Settings2/Administrator/StudioProjects/fuckView/app/libs/rhino-1.7.7.1.jar
a702f000-a703e000 r--s 000df000 08:06 132570     /media/w568w/文档/sdk/build-tools/25.0.3/lib/dx.jar
a703e000-a703f000 ---p 00000000 00:00 0 
a703f000-a70bf000 rw-p 00000000 00:00 0 
a70bf000-a70c0000 ---p 00000000 00:00 0 
a70c0000-a715b000 rw-p 00000000 00:00 0 
a715b000-a7500000 ---p 00000000 00:00 0 
a7500000-a7bb0000 rwxp 00000000 00:00 0 
a7bb0000-b6500000 ---p 00000000 00:00 0 
b6500000-b65fb000 rw-p 00000000 00:00 0 
b65fb000-b6600000 ---p 00000000 00:00 0 
b6609000-b6670000 rw-p 00000000 00:00 0 
b6670000-b667b000 r-xp 00000000 08:08 433938     /lib/i386-linux-gnu/libnss_files-2.23.so
b667b000-b667c000 r--p 0000a000 08:08 433938     /lib/i386-linux-gnu/libnss_files-2.23.so
b667c000-b667d000 rw-p 0000b000 08:08 433938     /lib/i386-linux-gnu/libnss_files-2.23.so
b667d000-b6683000 rw-p 00000000 00:00 0 
b6683000-b668e000 r-xp 00000000 08:08 433941     /lib/i386-linux-gnu/libnss_nis-2.23.so
b668e000-b668f000 r--p 0000a000 08:08 433941     /lib/i386-linux-gnu/libnss_nis-2.23.so
b668f000-b6690000 rw-p 0000b000 08:08 433941     /lib/i386-linux-gnu/libnss_nis-2.23.so
b6690000-b66a7000 r-xp 00000000 08:08 433934     /lib/i386-linux-gnu/libnsl-2.23.so
b66a7000-b66a8000 r--p 00016000 08:08 433934     /lib/i386-linux-gnu/libnsl-2.23.so
b66a8000-b66a9000 rw-p 00017000 08:08 433934     /lib/i386-linux-gnu/libnsl-2.23.so
b66a9000-b66ab000 rw-p 00000000 00:00 0 
b66ab000-b66b2000 r--s 00000000 08:08 4520       /usr/lib/i386-linux-gnu/gconv/gconv-modules.cache
b66b2000-b66cb000 r-xp 00000000 08:0a 292836     /home/w568w/下载/android-studio/jre/jre/lib/i386/libzip.so
b66cb000-b66cc000 rw-p 00019000 08:0a 292836     /home/w568w/下载/android-studio/jre/jre/lib/i386/libzip.so
b66cc000-b66f0000 r-xp 00000000 08:0a 260436     /home/w568w/下载/android-studio/jre/jre/lib/i386/libjava.so
b66f0000-b66f1000 rw-p 00024000 08:0a 260436     /home/w568w/下载/android-studio/jre/jre/lib/i386/libjava.so
b66f1000-b66f8000 r-xp 00000000 08:08 433943     /lib/i386-linux-gnu/librt-2.23.so
b66f8000-b66f9000 r--p 00006000 08:08 433943     /lib/i386-linux-gnu/librt-2.23.so
b66f9000-b66fa000 rw-p 00007000 08:08 433943     /lib/i386-linux-gnu/librt-2.23.so
b66fa000-b66fd000 ---p 00000000 00:00 0 
b66fd000-b674b000 rw-p 00000000 00:00 0 
b674b000-b679e000 r-xp 00000000 08:08 433952     /lib/i386-linux-gnu/libm-2.23.so
b679e000-b679f000 r--p 00052000 08:08 433952     /lib/i386-linux-gnu/libm-2.23.so
b679f000-b67a0000 rw-p 00053000 08:08 433952     /lib/i386-linux-gnu/libm-2.23.so
b67a0000-b7131000 r-xp 00000000 08:0a 292871     /home/w568w/下载/android-studio/jre/jre/lib/i386/server/libjvm.so
b7131000-b719f000 rw-p 00990000 08:0a 292871     /home/w568w/下载/android-studio/jre/jre/lib/i386/server/libjvm.so
b719f000-b75c8000 rw-p 00000000 00:00 0 
b75c8000-b7778000 r-xp 00000000 08:08 433956     /lib/i386-linux-gnu/libc-2.23.so
b7778000-b777a000 r--p 001af000 08:08 433956     /lib/i386-linux-gnu/libc-2.23.so
b777a000-b777b000 rw-p 001b1000 08:08 433956     /lib/i386-linux-gnu/libc-2.23.so
b777b000-b777e000 rw-p 00000000 00:00 0 
b777e000-b7781000 r-xp 00000000 08:08 433946     /lib/i386-linux-gnu/libdl-2.23.so
b7781000-b7782000 r--p 00002000 08:08 433946     /lib/i386-linux-gnu/libdl-2.23.so
b7782000-b7783000 rw-p 00003000 08:08 433946     /lib/i386-linux-gnu/libdl-2.23.so
b7783000-b7797000 r-xp 00000000 08:0a 294073     /home/w568w/下载/android-studio/jre/lib/i386/jli/libjli.so
b7797000-b7798000 rw-p 00014000 08:0a 294073     /home/w568w/下载/android-studio/jre/lib/i386/jli/libjli.so
b7798000-b77b1000 r-xp 00000000 08:08 433940     /lib/i386-linux-gnu/libpthread-2.23.so
b77b1000-b77b2000 r--p 00018000 08:08 433940     /lib/i386-linux-gnu/libpthread-2.23.so
b77b2000-b77b3000 rw-p 00019000 08:08 433940     /lib/i386-linux-gnu/libpthread-2.23.so
b77b3000-b77b5000 rw-p 00000000 00:00 0 
b77b5000-b77b6000 r--p 002d4000 08:08 1033       /usr/lib/locale/locale-archive
b77b6000-b77be000 rw-s 00000000 08:08 414271     /tmp/hsperfdata_w568w/14778
b77be000-b77c6000 r-xp 00000000 08:08 433947     /lib/i386-linux-gnu/libnss_compat-2.23.so
b77c6000-b77c7000 r--p 00007000 08:08 433947     /lib/i386-linux-gnu/libnss_compat-2.23.so
b77c7000-b77c8000 rw-p 00008000 08:08 433947     /lib/i386-linux-gnu/libnss_compat-2.23.so
b77c8000-b77c9000 rw-p 00000000 00:00 0 
b77c9000-b77ca000 ---p 00000000 00:00 0 
b77ca000-b77d5000 r-xp 00000000 08:0a 292868     /home/w568w/下载/android-studio/jre/jre/lib/i386/libverify.so
b77d5000-b77d6000 rw-p 0000b000 08:0a 292868     /home/w568w/下载/android-studio/jre/jre/lib/i386/libverify.so
b77d6000-b77d8000 rw-p 00000000 00:00 0 
b77d8000-b77da000 r--p 00000000 00:00 0          [vvar]
b77da000-b77dc000 r-xp 00000000 00:00 0          [vdso]
b77dc000-b77fe000 r-xp 00000000 08:08 433935     /lib/i386-linux-gnu/ld-2.23.so
b77fe000-b77ff000 rw-p 00000000 00:00 0 
b77ff000-b7800000 r--p 00022000 08:08 433935     /lib/i386-linux-gnu/ld-2.23.so
b7800000-b7801000 rw-p 00023000 08:08 433935     /lib/i386-linux-gnu/ld-2.23.so
bf8cf000-bf8f0000 rw-p 00000000 00:00 0          [stack]

VM Arguments:
jvm_args: -Djava.awt.headless=true -Xmx1024M -Dfile.encoding=UTF-8 -Duser.country=US -Duser.language=en -Duser.variant 
java_command: com.android.dx.command.Main --dex --num-threads=4 --output /media/w568w/表情/Document And Settings2/Administrator/StudioProjects/fuckView/app/build/intermediates/pre-dexed/debug/rhino-1.7.7.1_ad37f29952a6d4042cd75a3a498b2b73445e6bdc.jar /media/w568w/表情/Document And Settings2/Administrator/StudioProjects/fuckView/app/libs/rhino-1.7.7.1.jar
java_class_path (initial): /home/w568w/sdk/build-tools/25.0.3/lib/dx.jar
Launcher Type: SUN_STANDARD

Environment Variables:
PATH=/home/w568w/bin:/home/w568w/.local/bin:/usr/local/sbin:/usr/local/bin:/usr/sbin:/usr/bin:/sbin:/bin:/usr/games:/usr/local/games
LD_LIBRARY_PATH=/home/w568w/下载/android-studio/bin:
SHELL=/bin/bash
DISPLAY=:0.0

Signal Handlers:
SIGSEGV: [libjvm.so+0x8dbed0], sa_mask[0]=11111111011111111101111111111110, sa_flags=SA_RESTART|SA_SIGINFO
SIGBUS: [libjvm.so+0x8dbed0], sa_mask[0]=11111111011111111101111111111110, sa_flags=SA_RESTART|SA_SIGINFO
SIGFPE: [libjvm.so+0x758b80], sa_mask[0]=11111111011111111101111111111110, sa_flags=SA_RESTART|SA_SIGINFO
SIGPIPE: [libjvm.so+0x758b80], sa_mask[0]=11111111011111111101111111111110, sa_flags=SA_RESTART|SA_SIGINFO
SIGXFSZ: [libjvm.so+0x758b80], sa_mask[0]=11111111011111111101111111111110, sa_flags=SA_RESTART|SA_SIGINFO
SIGILL: [libjvm.so+0x758b80], sa_mask[0]=11111111011111111101111111111110, sa_flags=SA_RESTART|SA_SIGINFO
SIGUSR1: SIG_DFL, sa_mask[0]=00000000000000000000000000000000, sa_flags=none
SIGUSR2: [libjvm.so+0x75a430], sa_mask[0]=00100000000000000000000000000000, sa_flags=SA_RESTART|SA_SIGINFO
SIGHUP: [libjvm.so+0x75b8e0], sa_mask[0]=11111111011111111101111111111110, sa_flags=SA_RESTART|SA_SIGINFO
SIGINT: [libjvm.so+0x75b8e0], sa_mask[0]=11111111011111111101111111111110, sa_flags=SA_RESTART|SA_SIGINFO
SIGTERM: [libjvm.so+0x75b8e0], sa_mask[0]=11111111011111111101111111111110, sa_flags=SA_RESTART|SA_SIGINFO
SIGQUIT: [libjvm.so+0x75b8e0], sa_mask[0]=11111111011111111101111111111110, sa_flags=SA_RESTART|SA_SIGINFO


---------------  S Y S T E M  ---------------

OS:DISTRIB_ID=LinuxMint
DISTRIB_RELEASE=18.3
DISTRIB_CODENAME=sylvia
DISTRIB_DESCRIPTION="Linux Mint 18.3 Sylvia"

uname:Linux 4.10.0-42-generic #46~16.04.1-Ubuntu SMP Mon Dec 4 15:57:59 UTC 2017 i686
libc:glibc 2.23 NPTL 2.23 
rlimit: STACK 8192k, CORE 0k, NPROC 29938, NOFILE 1048576, AS infinity
load average:5.93 3.50 1.90

/proc/meminfo:
MemTotal:        3875228 kB
MemFree:          197160 kB
MemAvailable:       4540 kB
Buffers:             964 kB
Cached:           152144 kB
SwapCached:         7860 kB
Active:          2981496 kB
Inactive:         567968 kB
Active(anon):    2941192 kB
Inactive(anon):   530184 kB
Active(file):      40304 kB
Inactive(file):    37784 kB
Unevictable:           0 kB
Mlocked:               0 kB
HighTotal:       3018376 kB
HighFree:          37468 kB
LowTotal:         856852 kB
LowFree:          159692 kB
SwapTotal:       1049596 kB
SwapFree:              0 kB
Dirty:                88 kB
Writeback:             0 kB
AnonPages:       3388716 kB
Mapped:           136016 kB
Shmem:             74904 kB
Slab:              53752 kB
SReclaimable:      26920 kB
SUnreclaim:        26832 kB
KernelStack:        5200 kB
PageTables:        20836 kB
NFS_Unstable:          0 kB
Bounce:                0 kB
WritebackTmp:          0 kB
CommitLimit:     2987208 kB
Committed_AS:    7758048 kB
VmallocTotal:     122880 kB
VmallocUsed:           0 kB
VmallocChunk:          0 kB
AnonHugePages:   1306624 kB
ShmemHugePages:        0 kB
ShmemPmdMapped:        0 kB
CmaTotal:              0 kB
CmaFree:               0 kB
HugePages_Total:       0
HugePages_Free:        0
HugePages_Rsvd:        0
HugePages_Surp:        0
Hugepagesize:       2048 kB
DirectMap4k:      131064 kB
DirectMap2M:      782336 kB


CPU:total 4 (initial active 4) (4 cores per cpu, 1 threads per core) family 16 model 5 stepping 3, cmov, cx8, fxsr, mmx, sse, sse2, sse3, popcnt, mmxext, 3dnowpref, lzcnt, sse4a, tsc, tscinvbit, tscinv

/proc/cpuinfo:
processor	: 0
vendor_id	: AuthenticAMD
cpu family	: 16
model		: 5
model name	: AMD Athlon(tm) II X4 635 Processor
stepping	: 3
microcode	: 0x10000b6
cpu MHz		: 800.000
cache size	: 512 KB
physical id	: 0
siblings	: 4
core id		: 0
cpu cores	: 4
apicid		: 0
initial apicid	: 0
fdiv_bug	: no
f00f_bug	: no
coma_bug	: no
fpu		: yes
fpu_exception	: yes
cpuid level	: 5
wp		: yes
flags		: fpu vme de pse tsc msr pae mce cx8 apic sep mtrr pge mca cmov pat pse36 clflush mmx fxsr sse sse2 ht syscall nx mmxext fxsr_opt pdpe1gb rdtscp lm 3dnowext 3dnow constant_tsc rep_good nonstop_tsc extd_apicid pni monitor cx16 popcnt lahf_lm cmp_legacy svm extapic cr8_legacy abm sse4a misalignsse 3dnowprefetch osvw ibs skinit wdt hw_pstate vmmcall npt lbrv svm_lock nrip_save
bugs		: tlb_mmatch fxsave_leak sysret_ss_attrs
bogomips	: 5826.48
clflush size	: 64
cache_alignment	: 64
address sizes	: 48 bits physical, 48 bits virtual
power management: ts ttp tm stc 100mhzsteps hwpstate

processor	: 1
vendor_id	: AuthenticAMD
cpu family	: 16
model		: 5
model name	: AMD Athlon(tm) II X4 635 Processor
stepping	: 3
microcode	: 0x10000b6
cpu MHz		: 800.000
cache size	: 512 KB
physical id	: 0
siblings	: 4
core id		: 1
cpu cores	: 4
apicid		: 1
initial apicid	: 1
fdiv_bug	: no
f00f_bug	: no
coma_bug	: no
fpu		: yes
fpu_exception	: yes
cpuid level	: 5
wp		: yes
flags		: fpu vme de pse tsc msr pae mce cx8 apic sep mtrr pge mca cmov pat pse36 clflush mmx fxsr sse sse2 ht syscall nx mmxext fxsr_opt pdpe1gb rdtscp lm 3dnowext 3dnow constant_tsc rep_good nonstop_tsc extd_apicid pni monitor cx16 popcnt lahf_lm cmp_legacy svm extapic cr8_legacy abm sse4a misalignsse 3dnowprefetch osvw ibs skinit wdt hw_pstate vmmcall npt lbrv svm_lock nrip_save
bugs		: tlb_mmatch fxsave_leak sysret_ss_attrs
bogomips	: 5826.48
clflush size	: 64
cache_alignment	: 64
address sizes	: 48 bits physical, 48 bits virtual
power management: ts ttp tm stc 100mhzsteps hwpstate

processor	: 2
vendor_id	: AuthenticAMD
cpu family	: 16
model		: 5
model name	: AMD Athlon(tm) II X4 635 Processor
stepping	: 3
microcode	: 0x10000b6
cpu MHz		: 800.000
cache size	: 512 KB
physical id	: 0
siblings	: 4
core id		: 2
cpu cores	: 4
apicid		: 2
initial apicid	: 2
fdiv_bug	: no
f00f_bug	: no
coma_bug	: no
fpu		: yes
fpu_exception	: yes
cpuid level	: 5
wp		: yes
flags		: fpu vme de pse tsc msr pae mce cx8 apic sep mtrr pge mca cmov pat pse36 clflush mmx fxsr sse sse2 ht syscall nx mmxext fxsr_opt pdpe1gb rdtscp lm 3dnowext 3dnow constant_tsc rep_good nonstop_tsc extd_apicid pni monitor cx16 popcnt lahf_lm cmp_legacy svm extapic cr8_legacy abm sse4a misalignsse 3dnowprefetch osvw ibs skinit wdt hw_pstate vmmcall npt lbrv svm_lock nrip_save
bugs		: tlb_mmatch fxsave_leak sysret_ss_attrs
bogomips	: 5826.48
clflush size	: 64
cache_alignment	: 64
address sizes	: 48 bits physical, 48 bits virtual
power management: ts ttp tm stc 100mhzsteps hwpstate

processor	: 3
vendor_id	: AuthenticAMD
cpu family	: 16
model		: 5
model name	: AMD Athlon(tm) II X4 635 Processor
stepping	: 3
microcode	: 0x10000b6
cpu MHz		: 2900.000
cache size	: 512 KB
physical id	: 0
siblings	: 4
core id		: 3
cpu cores	: 4
apicid		: 3
initial apicid	: 3
fdiv_bug	: no
f00f_bug	: no
coma_bug	: no
fpu		: yes
fpu_exception	: yes
cpuid level	: 5
wp		: yes
flags		: fpu vme de pse tsc msr pae mce cx8 apic sep mtrr pge mca cmov pat pse36 clflush mmx fxsr sse sse2 ht syscall nx mmxext fxsr_opt pdpe1gb rdtscp lm 3dnowext 3dnow constant_tsc rep_good nonstop_tsc extd_apicid pni monitor cx16 popcnt lahf_lm cmp_legacy svm extapic cr8_legacy abm sse4a misalignsse 3dnowprefetch osvw ibs skinit wdt hw_pstate vmmcall npt lbrv svm_lock nrip_save
bugs		: tlb_mmatch fxsave_leak sysret_ss_attrs
bogomips	: 5826.48
clflush size	: 64
cache_alignment	: 64
address sizes	: 48 bits physical, 48 bits virtual
power management: ts ttp tm stc 100mhzsteps hwpstate



Memory: 4k page, physical 3875228k(197160k free), swap 1049596k(0k free)

vm_info: Java HotSpot(TM) Server VM (25.144-b01) for linux-x86 JRE (1.8.0_144-b01), built on Jul 22 2017 02:26:52 by "java_re" with gcc 4.3.0 20080428 (Red Hat 4.3.0-8)

time: Sun Jan  7 17:41:22 2018
elapsed time: 15 seconds (0d 0h 0m 15s)

